#
# There is insufficient memory for the Java Runtime Environment to continue.
# Native memory allocation (malloc) failed to allocate 32744 bytes for ChunkPool::allocate
# Possible reasons:
#   The system is out of physical RAM or swap space
#   The process is running with CompressedOops enabled, and the Java Heap may be blocking the growth of the native heap
# Possible solutions:
#   Reduce memory load on the system
#   Increase physical memory or swap space
#   Check if swap backing store is full
#   Decrease Java heap size (-Xmx/-Xms)
#   Decrease number of Java threads
#   Decrease Java thread stack sizes (-Xss)
#   Set larger code cache with -XX:ReservedCodeCacheSize=
#   JVM is running with Zero Based Compressed Oops mode in which the Java heap is
#     placed in the first 32GB address space. The Java Heap base address is the
#     maximum limit for the native heap growth. Please use -XX:HeapBaseMinAddress
#     to set the Java Heap base and to place the Java Heap above 32GB virtual address.
# This output file may be truncated or incomplete.
#
#  Out of Memory Error (./open/src/hotspot/share/memory/arena.cpp:81), pid=17820, tid=21336
#
# JRE version: Java(TM) SE Runtime Environment 18.9 (11.0.11+9) (build 11.0.11+9-LTS-194)
# Java VM: Java HotSpot(TM) 64-Bit Server VM 18.9 (11.0.11+9-LTS-194, mixed mode, tiered, compressed oops, g1 gc, windows-amd64)
# No core dump will be written. Minidumps are not enabled by default on client versions of Windows
#

---------------  S U M M A R Y ------------

Command Line: -agentlib:jdwp=transport=dt_socket,suspend=y,address=localhost:53383 -javaagent:D:\Users\lucia\jee-2023-09\eclipse\configuration\org.eclipse.osgi\435\0\.cp\lib\javaagent-shaded.jar -Dfile.encoding=UTF-8 -Dstdout.encoding=UTF-8 -Dstderr.encoding=UTF-8 com.SoundBox.SoundBoxApplication

Host: AMD Ryzen 5 3500U with Radeon Vega Mobile Gfx  , 8 cores, 9G,  Windows 10 , 64 bit Build 19041 (10.0.19041.3636)
Time: Tue Dec  5 17:26:30 2023 Hora oficial do Brasil elapsed time: 9.834263 seconds (0d 0h 0m 9s)

---------------  T H R E A D  ---------------

Current thread (0x0000014cd1bb6000):  JavaThread "C2 CompilerThread0" daemon [_thread_in_native, id=21336, stack(0x0000001702f00000,0x0000001703000000)]


Current CompileTask:
C2:   9834 1841       4       org.eclipse.jdt.launching.internal.org.objectweb.asm.ClassReader::readMethod (1066 bytes)

Stack: [0x0000001702f00000,0x0000001703000000]
Native frames: (J=compiled Java code, j=interpreted, Vv=VM code, C=native code)
V  [jvm.dll+0x616f2a]
V  [jvm.dll+0x74de7f]
V  [jvm.dll+0x74f505]
V  [jvm.dll+0x74fb83]
V  [jvm.dll+0x2436d8]
V  [jvm.dll+0xbaa2b]
V  [jvm.dll+0xbad8c]
V  [jvm.dll+0x34b10b]
V  [jvm.dll+0x512396]
V  [jvm.dll+0x511510]
V  [jvm.dll+0x511db2]
V  [jvm.dll+0x193dde]
V  [jvm.dll+0x1fd152]
V  [jvm.dll+0x1fc22f]
V  [jvm.dll+0x17f0bc]
V  [jvm.dll+0x20b68c]
V  [jvm.dll+0x20978b]
V  [jvm.dll+0x7152c9]
V  [jvm.dll+0x70dfc4]
V  [jvm.dll+0x6160f6]
C  [ucrtbase.dll+0x21bb2]
C  [KERNEL32.DLL+0x17344]
C  [ntdll.dll+0x526b1]


---------------  P R O C E S S  ---------------

Threads class SMR info:
_java_thread_list=0x0000014cd275f7d0, length=15, elements={
0x0000014cb1abb000, 0x0000014cd1b99000, 0x0000014cd1ba2000, 0x0000014cd1bb0800,
0x0000014cd1bb2800, 0x0000014cd1bb6000, 0x0000014cd2428800, 0x0000014cd242c800,
0x0000014cd25a3800, 0x0000014cd28f4800, 0x0000014cd26fc000, 0x0000014cd26fd000,
0x0000014cd2ded800, 0x0000014cd524f000, 0x0000014cd3af9800
}

Java Threads: ( => current thread )
  0x0000014cb1abb000 JavaThread "main" [_thread_in_native, id=17988, stack(0x0000001702400000,0x0000001702500000)]
  0x0000014cd1b99000 JavaThread "Reference Handler" daemon [_thread_blocked, id=76, stack(0x0000001702b00000,0x0000001702c00000)]
  0x0000014cd1ba2000 JavaThread "Finalizer" daemon [_thread_blocked, id=24284, stack(0x0000001702c00000,0x0000001702d00000)]
  0x0000014cd1bb0800 JavaThread "Signal Dispatcher" daemon [_thread_blocked, id=14296, stack(0x0000001702d00000,0x0000001702e00000)]
  0x0000014cd1bb2800 JavaThread "Attach Listener" daemon [_thread_blocked, id=24384, stack(0x0000001702e00000,0x0000001702f00000)]
=>0x0000014cd1bb6000 JavaThread "C2 CompilerThread0" daemon [_thread_in_native, id=21336, stack(0x0000001702f00000,0x0000001703000000)]
  0x0000014cd2428800 JavaThread "C1 CompilerThread0" daemon [_thread_in_native, id=26484, stack(0x0000001703000000,0x0000001703100000)]
  0x0000014cd242c800 JavaThread "Sweeper thread" daemon [_thread_blocked, id=17440, stack(0x0000001703100000,0x0000001703200000)]
  0x0000014cd25a3800 JavaThread "Common-Cleaner" daemon [_thread_blocked, id=6816, stack(0x0000001703200000,0x0000001703300000)]
  0x0000014cd28f4800 JavaThread "JDWP Transport Listener: dt_socket" daemon [_thread_blocked, id=23168, stack(0x0000001703400000,0x0000001703500000)]
  0x0000014cd26fc000 JavaThread "JDWP Event Helper Thread" daemon [_thread_blocked, id=9924, stack(0x0000001703500000,0x0000001703600000)]
  0x0000014cd26fd000 JavaThread "JDWP Command Reader" daemon [_thread_in_native, id=26888, stack(0x0000001703600000,0x0000001703700000)]
  0x0000014cd2ded800 JavaThread "Service Thread" daemon [_thread_blocked, id=24072, stack(0x0000001703300000,0x0000001703400000)]
  0x0000014cd524f000 JavaThread "C2 CompilerThread1" daemon [_thread_in_native, id=10568, stack(0x0000001703a00000,0x0000001703b00000)]
  0x0000014cd3af9800 JavaThread "background-preinit" [_thread_in_vm, id=8900, stack(0x0000001703b00000,0x0000001703c00000)]

Other Threads:
  0x0000014cd1b97000 VMThread "VM Thread" [stack: 0x0000001702a00000,0x0000001702b00000] [id=19112]
  0x0000014cd2df4800 WatcherThread [stack: 0x0000001703700000,0x0000001703800000] [id=2496]
  0x0000014cb1ace800 GCTaskThread "GC Thread#0" [stack: 0x0000001702500000,0x0000001702600000] [id=28724]
  0x0000014cd307a800 GCTaskThread "GC Thread#1" [stack: 0x0000001703800000,0x0000001703900000] [id=13084]
  0x0000014cd2f62000 GCTaskThread "GC Thread#2" [stack: 0x0000001703900000,0x0000001703a00000] [id=24720]
  0x0000014cb1b0e800 ConcurrentGCThread "G1 Main Marker" [stack: 0x0000001702600000,0x0000001702700000] [id=13368]
  0x0000014cb1b10000 ConcurrentGCThread "G1 Conc#0" [stack: 0x0000001702700000,0x0000001702800000] [id=28368]
  0x0000014cb1b8e800 ConcurrentGCThread "G1 Refine#0" [stack: 0x0000001702800000,0x0000001702900000] [id=5668]
  0x0000014cd1a02800 ConcurrentGCThread "G1 Young RemSet Sampling" [stack: 0x0000001702900000,0x0000001702a00000] [id=26584]

Threads with active compile tasks:
C2 CompilerThread0  10176 1841       4       org.eclipse.jdt.launching.internal.org.objectweb.asm.ClassReader::readMethod (1066 bytes)
C1 CompilerThread0  10176 1889       3       org.eclipse.jdt.launching.internal.org.objectweb.asm.ClassReader::readCode (5117 bytes)
C2 CompilerThread1  10176 1833       4       org.eclipse.jdt.launching.internal.org.objectweb.asm.SymbolTable::<init> (536 bytes)

VM state:not at safepoint (normal execution)

VM Mutex/Monitor currently owned by a thread: None

Heap address: 0x0000000760e00000, size: 2546 MB, Compressed Oops mode: Zero based, Oop shift amount: 3
Narrow klass base: 0x0000000800000000, Narrow klass shift: 0
Compressed class space size: 1073741824 Address: 0x0000000800000000

Heap:
 garbage-first heap   total 163840K, used 51484K [0x0000000760e00000, 0x0000000800000000)
  region size 1024K, 44 young (45056K), 1 survivors (1024K)
 Metaspace       used 19720K, capacity 20242K, committed 20480K, reserved 1073152K
  class space    used 2055K, capacity 2286K, committed 2304K, reserved 1048576K
Heap Regions: E=young(eden), S=young(survivor), O=old, HS=humongous(starts), HC=humongous(continues), CS=collection set, F=free, A=archive, TAMS=top-at-mark-start (previous, next)
|   0|0x0000000760e00000, 0x0000000760f00000, 0x0000000760f00000|100%|HS|  |TAMS 0x0000000760e00000, 0x0000000760e00000| Complete 
|   1|0x0000000760f00000, 0x0000000761000000, 0x0000000761000000|100%| O|  |TAMS 0x0000000760f00000, 0x0000000760f00000| Untracked 
|   2|0x0000000761000000, 0x0000000761100000, 0x0000000761100000|100%| O|  |TAMS 0x0000000761000000, 0x0000000761000000| Untracked 
|   3|0x0000000761100000, 0x0000000761200000, 0x0000000761200000|100%| O|  |TAMS 0x0000000761100000, 0x0000000761100000| Untracked 
|   4|0x0000000761200000, 0x0000000761300000, 0x0000000761300000|100%| O|  |TAMS 0x0000000761200000, 0x0000000761200000| Untracked 
|   5|0x0000000761300000, 0x0000000761400000, 0x0000000761400000|100%| O|  |TAMS 0x0000000761300000, 0x0000000761300000| Untracked 
|   6|0x0000000761400000, 0x0000000761500000, 0x0000000761500000|100%| O|  |TAMS 0x0000000761400000, 0x0000000761400000| Untracked 
|   7|0x0000000761500000, 0x0000000761560a00, 0x0000000761600000| 37%| O|  |TAMS 0x0000000761500000, 0x0000000761500000| Untracked 
|   8|0x0000000761600000, 0x0000000761600000, 0x0000000761700000|  0%| F|  |TAMS 0x0000000761600000, 0x0000000761600000| Untracked 
|   9|0x0000000761700000, 0x0000000761700000, 0x0000000761800000|  0%| F|  |TAMS 0x0000000761700000, 0x0000000761700000| Untracked 
|  10|0x0000000761800000, 0x0000000761800000, 0x0000000761900000|  0%| F|  |TAMS 0x0000000761800000, 0x0000000761800000| Untracked 
|  11|0x0000000761900000, 0x0000000761900000, 0x0000000761a00000|  0%| F|  |TAMS 0x0000000761900000, 0x0000000761900000| Untracked 
|  12|0x0000000761a00000, 0x0000000761a00000, 0x0000000761b00000|  0%| F|  |TAMS 0x0000000761a00000, 0x0000000761a00000| Untracked 
|  13|0x0000000761b00000, 0x0000000761b00000, 0x0000000761c00000|  0%| F|  |TAMS 0x0000000761b00000, 0x0000000761b00000| Untracked 
|  14|0x0000000761c00000, 0x0000000761c00000, 0x0000000761d00000|  0%| F|  |TAMS 0x0000000761c00000, 0x0000000761c00000| Untracked 
|  15|0x0000000761d00000, 0x0000000761d00000, 0x0000000761e00000|  0%| F|  |TAMS 0x0000000761d00000, 0x0000000761d00000| Untracked 
|  16|0x0000000761e00000, 0x0000000761e00000, 0x0000000761f00000|  0%| F|  |TAMS 0x0000000761e00000, 0x0000000761e00000| Untracked 
|  17|0x0000000761f00000, 0x0000000761f00000, 0x0000000762000000|  0%| F|  |TAMS 0x0000000761f00000, 0x0000000761f00000| Untracked 
|  18|0x0000000762000000, 0x0000000762000000, 0x0000000762100000|  0%| F|  |TAMS 0x0000000762000000, 0x0000000762000000| Untracked 
|  19|0x0000000762100000, 0x0000000762100000, 0x0000000762200000|  0%| F|  |TAMS 0x0000000762100000, 0x0000000762100000| Untracked 
|  20|0x0000000762200000, 0x0000000762200000, 0x0000000762300000|  0%| F|  |TAMS 0x0000000762200000, 0x0000000762200000| Untracked 
|  21|0x0000000762300000, 0x0000000762300000, 0x0000000762400000|  0%| F|  |TAMS 0x0000000762300000, 0x0000000762300000| Untracked 
|  22|0x0000000762400000, 0x0000000762400000, 0x0000000762500000|  0%| F|  |TAMS 0x0000000762400000, 0x0000000762400000| Untracked 
|  23|0x0000000762500000, 0x0000000762500000, 0x0000000762600000|  0%| F|  |TAMS 0x0000000762500000, 0x0000000762500000| Untracked 
|  24|0x0000000762600000, 0x0000000762600000, 0x0000000762700000|  0%| F|  |TAMS 0x0000000762600000, 0x0000000762600000| Untracked 
|  25|0x0000000762700000, 0x0000000762700000, 0x0000000762800000|  0%| F|  |TAMS 0x0000000762700000, 0x0000000762700000| Untracked 
|  26|0x0000000762800000, 0x0000000762800000, 0x0000000762900000|  0%| F|  |TAMS 0x0000000762800000, 0x0000000762800000| Untracked 
|  27|0x0000000762900000, 0x0000000762900000, 0x0000000762a00000|  0%| F|  |TAMS 0x0000000762900000, 0x0000000762900000| Untracked 
|  28|0x0000000762a00000, 0x0000000762a00000, 0x0000000762b00000|  0%| F|  |TAMS 0x0000000762a00000, 0x0000000762a00000| Untracked 
|  29|0x0000000762b00000, 0x0000000762b00000, 0x0000000762c00000|  0%| F|  |TAMS 0x0000000762b00000, 0x0000000762b00000| Untracked 
|  30|0x0000000762c00000, 0x0000000762c00000, 0x0000000762d00000|  0%| F|  |TAMS 0x0000000762c00000, 0x0000000762c00000| Untracked 
|  31|0x0000000762d00000, 0x0000000762d00000, 0x0000000762e00000|  0%| F|  |TAMS 0x0000000762d00000, 0x0000000762d00000| Untracked 
|  32|0x0000000762e00000, 0x0000000762e00000, 0x0000000762f00000|  0%| F|  |TAMS 0x0000000762e00000, 0x0000000762e00000| Untracked 
|  33|0x0000000762f00000, 0x0000000762f00000, 0x0000000763000000|  0%| F|  |TAMS 0x0000000762f00000, 0x0000000762f00000| Untracked 
|  34|0x0000000763000000, 0x0000000763000000, 0x0000000763100000|  0%| F|  |TAMS 0x0000000763000000, 0x0000000763000000| Untracked 
|  35|0x0000000763100000, 0x0000000763100000, 0x0000000763200000|  0%| F|  |TAMS 0x0000000763100000, 0x0000000763100000| Untracked 
|  36|0x0000000763200000, 0x0000000763200000, 0x0000000763300000|  0%| F|  |TAMS 0x0000000763200000, 0x0000000763200000| Untracked 
|  37|0x0000000763300000, 0x0000000763300000, 0x0000000763400000|  0%| F|  |TAMS 0x0000000763300000, 0x0000000763300000| Untracked 
|  38|0x0000000763400000, 0x0000000763400000, 0x0000000763500000|  0%| F|  |TAMS 0x0000000763400000, 0x0000000763400000| Untracked 
|  39|0x0000000763500000, 0x0000000763500000, 0x0000000763600000|  0%| F|  |TAMS 0x0000000763500000, 0x0000000763500000| Untracked 
|  40|0x0000000763600000, 0x0000000763600000, 0x0000000763700000|  0%| F|  |TAMS 0x0000000763600000, 0x0000000763600000| Untracked 
|  41|0x0000000763700000, 0x0000000763700000, 0x0000000763800000|  0%| F|  |TAMS 0x0000000763700000, 0x0000000763700000| Untracked 
|  42|0x0000000763800000, 0x0000000763800000, 0x0000000763900000|  0%| F|  |TAMS 0x0000000763800000, 0x0000000763800000| Untracked 
|  43|0x0000000763900000, 0x0000000763900000, 0x0000000763a00000|  0%| F|  |TAMS 0x0000000763900000, 0x0000000763900000| Untracked 
|  44|0x0000000763a00000, 0x0000000763a00000, 0x0000000763b00000|  0%| F|  |TAMS 0x0000000763a00000, 0x0000000763a00000| Untracked 
|  45|0x0000000763b00000, 0x0000000763b00000, 0x0000000763c00000|  0%| F|  |TAMS 0x0000000763b00000, 0x0000000763b00000| Untracked 
|  46|0x0000000763c00000, 0x0000000763c00000, 0x0000000763d00000|  0%| F|  |TAMS 0x0000000763c00000, 0x0000000763c00000| Untracked 
|  47|0x0000000763d00000, 0x0000000763d00000, 0x0000000763e00000|  0%| F|  |TAMS 0x0000000763d00000, 0x0000000763d00000| Untracked 
|  48|0x0000000763e00000, 0x0000000763e00000, 0x0000000763f00000|  0%| F|  |TAMS 0x0000000763e00000, 0x0000000763e00000| Untracked 
|  49|0x0000000763f00000, 0x0000000763f00000, 0x0000000764000000|  0%| F|  |TAMS 0x0000000763f00000, 0x0000000763f00000| Untracked 
|  50|0x0000000764000000, 0x0000000764000000, 0x0000000764100000|  0%| F|  |TAMS 0x0000000764000000, 0x0000000764000000| Untracked 
|  51|0x0000000764100000, 0x0000000764100000, 0x0000000764200000|  0%| F|  |TAMS 0x0000000764100000, 0x0000000764100000| Untracked 
|  52|0x0000000764200000, 0x0000000764200000, 0x0000000764300000|  0%| F|  |TAMS 0x0000000764200000, 0x0000000764200000| Untracked 
|  53|0x0000000764300000, 0x0000000764300000, 0x0000000764400000|  0%| F|  |TAMS 0x0000000764300000, 0x0000000764300000| Untracked 
|  54|0x0000000764400000, 0x0000000764400000, 0x0000000764500000|  0%| F|  |TAMS 0x0000000764400000, 0x0000000764400000| Untracked 
|  55|0x0000000764500000, 0x0000000764500000, 0x0000000764600000|  0%| F|  |TAMS 0x0000000764500000, 0x0000000764500000| Untracked 
|  56|0x0000000764600000, 0x0000000764600000, 0x0000000764700000|  0%| F|  |TAMS 0x0000000764600000, 0x0000000764600000| Untracked 
|  57|0x0000000764700000, 0x0000000764700000, 0x0000000764800000|  0%| F|  |TAMS 0x0000000764700000, 0x0000000764700000| Untracked 
|  58|0x0000000764800000, 0x0000000764800000, 0x0000000764900000|  0%| F|  |TAMS 0x0000000764800000, 0x0000000764800000| Untracked 
|  59|0x0000000764900000, 0x0000000764900000, 0x0000000764a00000|  0%| F|  |TAMS 0x0000000764900000, 0x0000000764900000| Untracked 
|  60|0x0000000764a00000, 0x0000000764a00000, 0x0000000764b00000|  0%| F|  |TAMS 0x0000000764a00000, 0x0000000764a00000| Untracked 
|  61|0x0000000764b00000, 0x0000000764b00000, 0x0000000764c00000|  0%| F|  |TAMS 0x0000000764b00000, 0x0000000764b00000| Untracked 
|  62|0x0000000764c00000, 0x0000000764c00000, 0x0000000764d00000|  0%| F|  |TAMS 0x0000000764c00000, 0x0000000764c00000| Untracked 
|  63|0x0000000764d00000, 0x0000000764d00000, 0x0000000764e00000|  0%| F|  |TAMS 0x0000000764d00000, 0x0000000764d00000| Untracked 
|  64|0x0000000764e00000, 0x0000000764e00000, 0x0000000764f00000|  0%| F|  |TAMS 0x0000000764e00000, 0x0000000764e00000| Untracked 
|  65|0x0000000764f00000, 0x0000000764f00000, 0x0000000765000000|  0%| F|  |TAMS 0x0000000764f00000, 0x0000000764f00000| Untracked 
|  66|0x0000000765000000, 0x0000000765000000, 0x0000000765100000|  0%| F|  |TAMS 0x0000000765000000, 0x0000000765000000| Untracked 
|  67|0x0000000765100000, 0x0000000765100000, 0x0000000765200000|  0%| F|  |TAMS 0x0000000765100000, 0x0000000765100000| Untracked 
|  68|0x0000000765200000, 0x0000000765200000, 0x0000000765300000|  0%| F|  |TAMS 0x0000000765200000, 0x0000000765200000| Untracked 
|  69|0x0000000765300000, 0x0000000765300000, 0x0000000765400000|  0%| F|  |TAMS 0x0000000765300000, 0x0000000765300000| Untracked 
|  70|0x0000000765400000, 0x0000000765400000, 0x0000000765500000|  0%| F|  |TAMS 0x0000000765400000, 0x0000000765400000| Untracked 
|  71|0x0000000765500000, 0x0000000765500000, 0x0000000765600000|  0%| F|  |TAMS 0x0000000765500000, 0x0000000765500000| Untracked 
|  72|0x0000000765600000, 0x0000000765600000, 0x0000000765700000|  0%| F|  |TAMS 0x0000000765600000, 0x0000000765600000| Untracked 
|  73|0x0000000765700000, 0x0000000765700000, 0x0000000765800000|  0%| F|  |TAMS 0x0000000765700000, 0x0000000765700000| Untracked 
|  74|0x0000000765800000, 0x0000000765800000, 0x0000000765900000|  0%| F|  |TAMS 0x0000000765800000, 0x0000000765800000| Untracked 
|  75|0x0000000765900000, 0x0000000765900000, 0x0000000765a00000|  0%| F|  |TAMS 0x0000000765900000, 0x0000000765900000| Untracked 
|  76|0x0000000765a00000, 0x0000000765a00000, 0x0000000765b00000|  0%| F|  |TAMS 0x0000000765a00000, 0x0000000765a00000| Untracked 
|  77|0x0000000765b00000, 0x0000000765b00000, 0x0000000765c00000|  0%| F|  |TAMS 0x0000000765b00000, 0x0000000765b00000| Untracked 
|  78|0x0000000765c00000, 0x0000000765c00000, 0x0000000765d00000|  0%| F|  |TAMS 0x0000000765c00000, 0x0000000765c00000| Untracked 
|  79|0x0000000765d00000, 0x0000000765d00000, 0x0000000765e00000|  0%| F|  |TAMS 0x0000000765d00000, 0x0000000765d00000| Untracked 
|  80|0x0000000765e00000, 0x0000000765e00000, 0x0000000765f00000|  0%| F|  |TAMS 0x0000000765e00000, 0x0000000765e00000| Untracked 
|  81|0x0000000765f00000, 0x0000000765f00000, 0x0000000766000000|  0%| F|  |TAMS 0x0000000765f00000, 0x0000000765f00000| Untracked 
|  82|0x0000000766000000, 0x0000000766000000, 0x0000000766100000|  0%| F|  |TAMS 0x0000000766000000, 0x0000000766000000| Untracked 
|  83|0x0000000766100000, 0x0000000766100000, 0x0000000766200000|  0%| F|  |TAMS 0x0000000766100000, 0x0000000766100000| Untracked 
|  84|0x0000000766200000, 0x0000000766200000, 0x0000000766300000|  0%| F|  |TAMS 0x0000000766200000, 0x0000000766200000| Untracked 
|  85|0x0000000766300000, 0x0000000766300000, 0x0000000766400000|  0%| F|  |TAMS 0x0000000766300000, 0x0000000766300000| Untracked 
|  86|0x0000000766400000, 0x0000000766400000, 0x0000000766500000|  0%| F|  |TAMS 0x0000000766400000, 0x0000000766400000| Untracked 
|  87|0x0000000766500000, 0x0000000766500000, 0x0000000766600000|  0%| F|  |TAMS 0x0000000766500000, 0x0000000766500000| Untracked 
|  88|0x0000000766600000, 0x0000000766600000, 0x0000000766700000|  0%| F|  |TAMS 0x0000000766600000, 0x0000000766600000| Untracked 
|  89|0x0000000766700000, 0x0000000766700000, 0x0000000766800000|  0%| F|  |TAMS 0x0000000766700000, 0x0000000766700000| Untracked 
|  90|0x0000000766800000, 0x0000000766800000, 0x0000000766900000|  0%| F|  |TAMS 0x0000000766800000, 0x0000000766800000| Untracked 
|  91|0x0000000766900000, 0x0000000766900000, 0x0000000766a00000|  0%| F|  |TAMS 0x0000000766900000, 0x0000000766900000| Untracked 
|  92|0x0000000766a00000, 0x0000000766a00000, 0x0000000766b00000|  0%| F|  |TAMS 0x0000000766a00000, 0x0000000766a00000| Untracked 
|  93|0x0000000766b00000, 0x0000000766b00000, 0x0000000766c00000|  0%| F|  |TAMS 0x0000000766b00000, 0x0000000766b00000| Untracked 
|  94|0x0000000766c00000, 0x0000000766c00000, 0x0000000766d00000|  0%| F|  |TAMS 0x0000000766c00000, 0x0000000766c00000| Untracked 
|  95|0x0000000766d00000, 0x0000000766d00000, 0x0000000766e00000|  0%| F|  |TAMS 0x0000000766d00000, 0x0000000766d00000| Untracked 
|  96|0x0000000766e00000, 0x0000000766e00000, 0x0000000766f00000|  0%| F|  |TAMS 0x0000000766e00000, 0x0000000766e00000| Untracked 
|  97|0x0000000766f00000, 0x0000000766f00000, 0x0000000767000000|  0%| F|  |TAMS 0x0000000766f00000, 0x0000000766f00000| Untracked 
|  98|0x0000000767000000, 0x0000000767000000, 0x0000000767100000|  0%| F|  |TAMS 0x0000000767000000, 0x0000000767000000| Untracked 
|  99|0x0000000767100000, 0x0000000767100000, 0x0000000767200000|  0%| F|  |TAMS 0x0000000767100000, 0x0000000767100000| Untracked 
| 100|0x0000000767200000, 0x0000000767200000, 0x0000000767300000|  0%| F|  |TAMS 0x0000000767200000, 0x0000000767200000| Untracked 
| 101|0x0000000767300000, 0x0000000767300000, 0x0000000767400000|  0%| F|  |TAMS 0x0000000767300000, 0x0000000767300000| Untracked 
| 102|0x0000000767400000, 0x0000000767400000, 0x0000000767500000|  0%| F|  |TAMS 0x0000000767400000, 0x0000000767400000| Untracked 
| 103|0x0000000767500000, 0x0000000767500000, 0x0000000767600000|  0%| F|  |TAMS 0x0000000767500000, 0x0000000767500000| Untracked 
| 104|0x0000000767600000, 0x0000000767600000, 0x0000000767700000|  0%| F|  |TAMS 0x0000000767600000, 0x0000000767600000| Untracked 
| 105|0x0000000767700000, 0x0000000767700000, 0x0000000767800000|  0%| F|  |TAMS 0x0000000767700000, 0x0000000767700000| Untracked 
| 106|0x0000000767800000, 0x0000000767800000, 0x0000000767900000|  0%| F|  |TAMS 0x0000000767800000, 0x0000000767800000| Untracked 
| 107|0x0000000767900000, 0x0000000767900000, 0x0000000767a00000|  0%| F|  |TAMS 0x0000000767900000, 0x0000000767900000| Untracked 
| 108|0x0000000767a00000, 0x0000000767a00000, 0x0000000767b00000|  0%| F|  |TAMS 0x0000000767a00000, 0x0000000767a00000| Untracked 
| 109|0x0000000767b00000, 0x0000000767b00000, 0x0000000767c00000|  0%| F|  |TAMS 0x0000000767b00000, 0x0000000767b00000| Untracked 
| 110|0x0000000767c00000, 0x0000000767c00000, 0x0000000767d00000|  0%| F|  |TAMS 0x0000000767c00000, 0x0000000767c00000| Untracked 
| 111|0x0000000767d00000, 0x0000000767d00000, 0x0000000767e00000|  0%| F|  |TAMS 0x0000000767d00000, 0x0000000767d00000| Untracked 
| 112|0x0000000767e00000, 0x0000000767e00000, 0x0000000767f00000|  0%| F|  |TAMS 0x0000000767e00000, 0x0000000767e00000| Untracked 
| 113|0x0000000767f00000, 0x0000000767f00000, 0x0000000768000000|  0%| F|  |TAMS 0x0000000767f00000, 0x0000000767f00000| Untracked 
| 114|0x0000000768000000, 0x0000000768000000, 0x0000000768100000|  0%| F|  |TAMS 0x0000000768000000, 0x0000000768000000| Untracked 
| 115|0x0000000768100000, 0x0000000768100000, 0x0000000768200000|  0%| F|  |TAMS 0x0000000768100000, 0x0000000768100000| Untracked 
| 116|0x0000000768200000, 0x0000000768300000, 0x0000000768300000|100%| E|CS|TAMS 0x0000000768200000, 0x0000000768200000| Complete 
| 117|0x0000000768300000, 0x0000000768400000, 0x0000000768400000|100%| E|CS|TAMS 0x0000000768300000, 0x0000000768300000| Complete 
| 118|0x0000000768400000, 0x0000000768500000, 0x0000000768500000|100%| E|CS|TAMS 0x0000000768400000, 0x0000000768400000| Complete 
| 119|0x0000000768500000, 0x0000000768600000, 0x0000000768600000|100%| E|CS|TAMS 0x0000000768500000, 0x0000000768500000| Complete 
| 120|0x0000000768600000, 0x0000000768700000, 0x0000000768700000|100%| E|CS|TAMS 0x0000000768600000, 0x0000000768600000| Complete 
| 121|0x0000000768700000, 0x0000000768800000, 0x0000000768800000|100%| E|CS|TAMS 0x0000000768700000, 0x0000000768700000| Complete 
| 122|0x0000000768800000, 0x0000000768900000, 0x0000000768900000|100%| E|CS|TAMS 0x0000000768800000, 0x0000000768800000| Complete 
| 123|0x0000000768900000, 0x0000000768a00000, 0x0000000768a00000|100%| E|CS|TAMS 0x0000000768900000, 0x0000000768900000| Complete 
| 124|0x0000000768a00000, 0x0000000768b00000, 0x0000000768b00000|100%| E|CS|TAMS 0x0000000768a00000, 0x0000000768a00000| Complete 
| 125|0x0000000768b00000, 0x0000000768c00000, 0x0000000768c00000|100%| E|CS|TAMS 0x0000000768b00000, 0x0000000768b00000| Complete 
| 126|0x0000000768c00000, 0x0000000768d00000, 0x0000000768d00000|100%| E|CS|TAMS 0x0000000768c00000, 0x0000000768c00000| Complete 
| 127|0x0000000768d00000, 0x0000000768e00000, 0x0000000768e00000|100%| E|CS|TAMS 0x0000000768d00000, 0x0000000768d00000| Complete 
| 128|0x0000000768e00000, 0x0000000768f00000, 0x0000000768f00000|100%| E|CS|TAMS 0x0000000768e00000, 0x0000000768e00000| Complete 
| 129|0x0000000768f00000, 0x0000000769000000, 0x0000000769000000|100%| E|CS|TAMS 0x0000000768f00000, 0x0000000768f00000| Complete 
| 130|0x0000000769000000, 0x0000000769100000, 0x0000000769100000|100%| E|CS|TAMS 0x0000000769000000, 0x0000000769000000| Complete 
| 131|0x0000000769100000, 0x0000000769200000, 0x0000000769200000|100%| E|CS|TAMS 0x0000000769100000, 0x0000000769100000| Complete 
| 132|0x0000000769200000, 0x0000000769300000, 0x0000000769300000|100%| E|CS|TAMS 0x0000000769200000, 0x0000000769200000| Complete 
| 133|0x0000000769300000, 0x0000000769400000, 0x0000000769400000|100%| E|CS|TAMS 0x0000000769300000, 0x0000000769300000| Complete 
| 134|0x0000000769400000, 0x0000000769500000, 0x0000000769500000|100%| E|CS|TAMS 0x0000000769400000, 0x0000000769400000| Complete 
| 135|0x0000000769500000, 0x0000000769600000, 0x0000000769600000|100%| E|CS|TAMS 0x0000000769500000, 0x0000000769500000| Complete 
| 136|0x0000000769600000, 0x0000000769700000, 0x0000000769700000|100%| E|CS|TAMS 0x0000000769600000, 0x0000000769600000| Complete 
| 137|0x0000000769700000, 0x00000007697e6748, 0x0000000769800000| 90%| S|CS|TAMS 0x0000000769700000, 0x0000000769700000| Complete 
| 138|0x0000000769800000, 0x0000000769900000, 0x0000000769900000|100%| E|CS|TAMS 0x0000000769800000, 0x0000000769800000| Complete 
| 139|0x0000000769900000, 0x0000000769a00000, 0x0000000769a00000|100%| E|CS|TAMS 0x0000000769900000, 0x0000000769900000| Complete 
| 140|0x0000000769a00000, 0x0000000769b00000, 0x0000000769b00000|100%| E|CS|TAMS 0x0000000769a00000, 0x0000000769a00000| Complete 
| 141|0x0000000769b00000, 0x0000000769c00000, 0x0000000769c00000|100%| E|CS|TAMS 0x0000000769b00000, 0x0000000769b00000| Complete 
| 142|0x0000000769c00000, 0x0000000769d00000, 0x0000000769d00000|100%| E|CS|TAMS 0x0000000769c00000, 0x0000000769c00000| Complete 
| 143|0x0000000769d00000, 0x0000000769e00000, 0x0000000769e00000|100%| E|CS|TAMS 0x0000000769d00000, 0x0000000769d00000| Complete 
| 144|0x0000000769e00000, 0x0000000769f00000, 0x0000000769f00000|100%| E|CS|TAMS 0x0000000769e00000, 0x0000000769e00000| Complete 
| 145|0x0000000769f00000, 0x000000076a000000, 0x000000076a000000|100%| E|CS|TAMS 0x0000000769f00000, 0x0000000769f00000| Complete 
| 146|0x000000076a000000, 0x000000076a100000, 0x000000076a100000|100%| E|CS|TAMS 0x000000076a000000, 0x000000076a000000| Complete 
| 147|0x000000076a100000, 0x000000076a200000, 0x000000076a200000|100%| E|CS|TAMS 0x000000076a100000, 0x000000076a100000| Complete 
| 148|0x000000076a200000, 0x000000076a300000, 0x000000076a300000|100%| E|CS|TAMS 0x000000076a200000, 0x000000076a200000| Complete 
| 149|0x000000076a300000, 0x000000076a400000, 0x000000076a400000|100%| E|CS|TAMS 0x000000076a300000, 0x000000076a300000| Complete 
| 150|0x000000076a400000, 0x000000076a500000, 0x000000076a500000|100%| E|CS|TAMS 0x000000076a400000, 0x000000076a400000| Complete 
| 151|0x000000076a500000, 0x000000076a600000, 0x000000076a600000|100%| E|CS|TAMS 0x000000076a500000, 0x000000076a500000| Complete 
| 152|0x000000076a600000, 0x000000076a700000, 0x000000076a700000|100%| E|CS|TAMS 0x000000076a600000, 0x000000076a600000| Complete 
| 153|0x000000076a700000, 0x000000076a800000, 0x000000076a800000|100%| E|CS|TAMS 0x000000076a700000, 0x000000076a700000| Complete 
| 154|0x000000076a800000, 0x000000076a900000, 0x000000076a900000|100%| E|CS|TAMS 0x000000076a800000, 0x000000076a800000| Complete 
| 155|0x000000076a900000, 0x000000076aa00000, 0x000000076aa00000|100%| E|CS|TAMS 0x000000076a900000, 0x000000076a900000| Complete 
| 156|0x000000076aa00000, 0x000000076ab00000, 0x000000076ab00000|100%| E|CS|TAMS 0x000000076aa00000, 0x000000076aa00000| Complete 
| 157|0x000000076ab00000, 0x000000076ac00000, 0x000000076ac00000|100%| E|CS|TAMS 0x000000076ab00000, 0x000000076ab00000| Complete 
| 158|0x000000076ac00000, 0x000000076ad00000, 0x000000076ad00000|100%| E|CS|TAMS 0x000000076ac00000, 0x000000076ac00000| Complete 
| 159|0x000000076ad00000, 0x000000076ae00000, 0x000000076ae00000|100%| E|CS|TAMS 0x000000076ad00000, 0x000000076ad00000| Complete 

Card table byte_map: [0x0000014cc9790000,0x0000014cc9c90000] _byte_map_base: 0x0000014cc5c89000

Marking Bits (Prev, Next): (CMBitMap*) 0x0000014cb1b02d38, (CMBitMap*) 0x0000014cb1b02d70
 Prev Bits: [0x0000014cca190000, 0x0000014ccc958000)
 Next Bits: [0x0000014ccc960000, 0x0000014ccf128000)

Polling page: 0x0000014cafab0000

Metaspace:

Usage:
  Non-class:     17.60 MB capacity,    17.29 MB ( 98%) used,   264.70 KB (  1%) free+waste,    49.06 KB ( <1%) overhead. 
      Class:      2.23 MB capacity,     2.01 MB ( 90%) used,   199.92 KB (  9%) free+waste,    23.25 KB (  1%) overhead. 
       Both:     19.83 MB capacity,    19.31 MB ( 97%) used,   464.62 KB (  2%) free+waste,    72.31 KB ( <1%) overhead. 

Virtual space:
  Non-class space:       24.00 MB reserved,      17.75 MB ( 74%) committed 
      Class space:        1.00 GB reserved,       2.25 MB ( <1%) committed 
             Both:        1.02 GB reserved,      20.00 MB (  2%) committed 

Chunk freelists:
   Non-Class:  3.50 KB
       Class:  2.25 KB
        Both:  5.75 KB

CodeHeap 'non-profiled nmethods': size=120000Kb used=763Kb max_used=763Kb free=119236Kb
 bounds [0x0000014cc1a30000, 0x0000014cc1ca0000, 0x0000014cc8f60000]
CodeHeap 'profiled nmethods': size=120000Kb used=3936Kb max_used=3936Kb free=116063Kb
 bounds [0x0000014cba500000, 0x0000014cba8e0000, 0x0000014cc1a30000]
CodeHeap 'non-nmethods': size=5760Kb used=1201Kb max_used=1249Kb free=4558Kb
 bounds [0x0000014cb9f60000, 0x0000014cba1d0000, 0x0000014cba500000]
 total_blobs=2304 nmethods=1882 adapters=341
 compilation: enabled
              stopped_count=0, restarted_count=0
 full_count=0

Compilation events (10 events):
Event: 9.722 Thread 0x0000014cd2428800 1869       3       org.springframework.util.ConcurrentReferenceHashMap::createReferenceManager (9 bytes)
Event: 9.722 Thread 0x0000014cd2428800 nmethod 1869 0x0000014cba8ce490 code [0x0000014cba8ce680, 0x0000014cba8cec18]
Event: 9.735 Thread 0x0000014cd2428800 1877   !   3       jdk.internal.loader.BuiltinClassLoader$2::run (114 bytes)
Event: 9.736 Thread 0x0000014cd2428800 nmethod 1877 0x0000014cba8cee10 code [0x0000014cba8cf0c0, 0x0000014cba8cffd8]
Event: 9.736 Thread 0x0000014cd2428800 1879       3       org.springframework.boot.context.properties.source.SpringIterableConfigurationPropertySource$$Lambda$85/0x00000008001a6c40::apply (12 bytes)
Event: 9.737 Thread 0x0000014cd2428800 nmethod 1879 0x0000014cba8d0590 code [0x0000014cba8d07c0, 0x0000014cba8d10a8]
Event: 9.737 Thread 0x0000014cd2428800 1880       3       org.springframework.boot.context.properties.source.SpringIterableConfigurationPropertySource::updateMappings (20 bytes)
Event: 9.737 Thread 0x0000014cd2428800 nmethod 1880 0x0000014cba8d1410 code [0x0000014cba8d1620, 0x0000014cba8d1d88]
Event: 9.752 Thread 0x0000014cd2428800 1881       3       java.lang.Class::newReflectionData (66 bytes)
Event: 9.753 Thread 0x0000014cd2428800 nmethod 1881 0x0000014cba8d2090 code [0x0000014cba8d22c0, 0x0000014cba8d2c68]

GC Heap History (4 events):
Event: 6.014 GC heap before
{Heap before GC invocations=0 (full 0):
 garbage-first heap   total 163840K, used 24576K [0x0000000760e00000, 0x0000000800000000)
  region size 1024K, 24 young (24576K), 0 survivors (0K)
 Metaspace       used 11596K, capacity 11826K, committed 11904K, reserved 1060864K
  class space    used 1030K, capacity 1106K, committed 1152K, reserved 1048576K
}
Event: 6.118 GC heap after
{Heap after GC invocations=1 (full 0):
 garbage-first heap   total 163840K, used 7522K [0x0000000760e00000, 0x0000000800000000)
  region size 1024K, 3 young (3072K), 3 survivors (3072K)
 Metaspace       used 11596K, capacity 11826K, committed 11904K, reserved 1060864K
  class space    used 1030K, capacity 1106K, committed 1152K, reserved 1048576K
}
Event: 8.143 GC heap before
{Heap before GC invocations=1 (full 0):
 garbage-first heap   total 163840K, used 30050K [0x0000000760e00000, 0x0000000800000000)
  region size 1024K, 25 young (25600K), 3 survivors (3072K)
 Metaspace       used 14569K, capacity 14923K, committed 15104K, reserved 1062912K
  class space    used 1407K, capacity 1528K, committed 1536K, reserved 1048576K
}
Event: 8.161 GC heap after
{Heap after GC invocations=2 (full 0):
 garbage-first heap   total 163840K, used 8476K [0x0000000760e00000, 0x0000000800000000)
  region size 1024K, 1 young (1024K), 1 survivors (1024K)
 Metaspace       used 14569K, capacity 14923K, committed 15104K, reserved 1062912K
  class space    used 1407K, capacity 1528K, committed 1536K, reserved 1048576K
}

Deoptimization events (10 events):
Event: 6.582 Thread 0x0000014cb1abb000 Uncommon trap: reason=unstable_if action=reinterpret pc=0x0000014cc1a46d04 method=java.io.WinNTFileSystem.isSlash(C)Z @ 9 c2
Event: 7.113 Thread 0x0000014cb1abb000 Uncommon trap: reason=unstable_if action=reinterpret pc=0x0000014cc1a85264 method=java.util.HashMap.getNode(ILjava/lang/Object;)Ljava/util/HashMap$Node; @ 62 c2
Event: 7.261 Thread 0x0000014cb1abb000 Uncommon trap: reason=class_check action=maybe_recompile pc=0x0000014cc1a80df8 method=java.util.HashMap.putVal(ILjava/lang/Object;Ljava/lang/Object;ZZ)Ljava/lang/Object; @ 253 c2
Event: 7.547 Thread 0x0000014cb1abb000 Uncommon trap: reason=class_check action=maybe_recompile pc=0x0000014cc1a80df8 method=java.util.HashMap.putVal(ILjava/lang/Object;Ljava/lang/Object;ZZ)Ljava/lang/Object; @ 253 c2
Event: 7.547 Thread 0x0000014cb1abb000 Uncommon trap: reason=class_check action=maybe_recompile pc=0x0000014cc1a80df8 method=java.util.HashMap.putVal(ILjava/lang/Object;Ljava/lang/Object;ZZ)Ljava/lang/Object; @ 253 c2
Event: 7.548 Thread 0x0000014cb1abb000 Uncommon trap: reason=class_check action=maybe_recompile pc=0x0000014cc1a80df8 method=java.util.HashMap.putVal(ILjava/lang/Object;Ljava/lang/Object;ZZ)Ljava/lang/Object; @ 253 c2
Event: 8.360 Thread 0x0000014cb1abb000 Uncommon trap: reason=unstable_if action=reinterpret pc=0x0000014cc1ab4ea0 method=java.util.HashMap.hash(Ljava/lang/Object;)I @ 1 c2
Event: 8.650 Thread 0x0000014cb1abb000 Uncommon trap: reason=unstable_if action=reinterpret pc=0x0000014cc1aa889c method=java.lang.Integer.getChars(II[B)I @ 25 c2
Event: 9.437 Thread 0x0000014cb1abb000 Uncommon trap: reason=unstable_if action=reinterpret pc=0x0000014cc1a9c060 method=java.util.concurrent.ConcurrentHashMap.putVal(Ljava/lang/Object;Ljava/lang/Object;Z)Ljava/lang/Object; @ 148 c2
Event: 9.658 Thread 0x0000014cb1abb000 Uncommon trap: reason=unstable_if action=reinterpret pc=0x0000014cc1a50e9c method=java.lang.Integer.parseInt(Ljava/lang/String;I)I @ 119 c2

Classes redefined (0 events):
No events

Internal exceptions (10 events):
Event: 9.090 Thread 0x0000014cb1abb000 Exception <a 'java/lang/NoSuchMethodError'{0x0000000769510880}: java.lang.invoke.DirectMethodHandle$Holder.invokeStatic(Ljava/lang/Object;ILjava/lang/Object;Ljava/lang/Object;)I> (0x0000000769510880) thrown at [./open/src/hotspot/share/interpreter/linkRes
Event: 9.091 Thread 0x0000014cb1abb000 Exception <a 'java/lang/NoSuchMethodError'{0x0000000769517988}: java.lang.invoke.DirectMethodHandle$Holder.invokeStatic(Ljava/lang/Object;ILjava/lang/Object;)Ljava/lang/Object;> (0x0000000769517988) thrown at [./open/src/hotspot/share/interpreter/linkReso
Event: 9.091 Thread 0x0000014cb1abb000 Exception <a 'java/lang/NoSuchMethodError'{0x000000076951bd30}: java.lang.invoke.DirectMethodHandle$Holder.invokeSpecialIFC(Ljava/lang/Object;Ljava/lang/Object;Ljava/lang/Object;Ljava/lang/Object;)I> (0x000000076951bd30) thrown at [./open/src/hotspot/shar
Event: 9.171 Thread 0x0000014cb1abb000 Exception <a 'java/lang/NoSuchMethodError'{0x000000076934c538}: java.lang.invoke.DirectMethodHandle$Holder.invokeStaticInit(Ljava/lang/Object;Ljava/lang/Object;)V> (0x000000076934c538) thrown at [./open/src/hotspot/share/interpreter/linkResolver.cpp, line
Event: 9.174 Thread 0x0000014cb1abb000 Exception <a 'java/lang/NoSuchMethodError'{0x0000000769364630}: java.lang.invoke.DirectMethodHandle$Holder.invokeStaticInit(Ljava/lang/Object;Ljava/lang/Object;Ljava/lang/Object;)V> (0x0000000769364630) thrown at [./open/src/hotspot/share/interpreter/link
Event: 9.451 Thread 0x0000014cb1abb000 Exception <a 'java/lang/NoSuchMethodError'{0x0000000769262958}: java.lang.invoke.DirectMethodHandle$Holder.invokeStatic(Ljava/lang/Object;J)Ljava/lang/Object;> (0x0000000769262958) thrown at [./open/src/hotspot/share/interpreter/linkResolver.cpp, line 772
Event: 9.496 Thread 0x0000014cb1abb000 Exception <a 'java/lang/NoSuchMethodError'{0x000000076910aea8}: java.lang.invoke.DirectMethodHandle$Holder.invokeVirtual(Ljava/lang/Object;Ljava/lang/Object;Ljava/lang/Object;Ljava/lang/Object;)V> (0x000000076910aea8) thrown at [./open/src/hotspot/share/i
Event: 9.665 Thread 0x0000014cb1abb000 Exception <a 'java/lang/NoSuchMethodError'{0x0000000768d0c6b0}: java.lang.invoke.DirectMethodHandle$Holder.invokeSpecial(Ljava/lang/Object;Ljava/lang/Object;Ljava/lang/Object;Ljava/lang/Object;Ljava/lang/Object;)V> (0x0000000768d0c6b0) thrown at [./open/s
Event: 9.688 Thread 0x0000014cb1abb000 Exception <a 'java/lang/IncompatibleClassChangeError'{0x0000000768d4de50}: Found class java.lang.Object, but interface was expected> (0x0000000768d4de50) thrown at [./open/src/hotspot/share/interpreter/linkResolver.cpp, line 838]
Event: 9.720 Thread 0x0000014cd3af9800 Exception <a 'java/lang/NoClassDefFoundError'{0x0000000768daa158}: javax/validation/Validation> (0x0000000768daa158) thrown at [./open/src/hotspot/share/classfile/systemDictionary.cpp, line 217]

Events (10 events):
Event: 9.752 loading class org/springframework/boot/WebApplicationType
Event: 9.752 loading class org/springframework/boot/WebApplicationType done
Event: 9.752 loading class org/springframework/boot/ApplicationContextFactory
Event: 9.752 loading class org/springframework/boot/ApplicationContextFactory done
Event: 9.752 loading class org/springframework/context/annotation/AnnotationConfigApplicationContext
Event: 9.752 loading class org/springframework/context/annotation/AnnotationConfigApplicationContext done
Event: 9.765 loading class org/springframework/context/annotation/AnnotationConfigRegistry
Event: 9.765 loading class org/springframework/context/annotation/AnnotationConfigRegistry done
Event: 9.781 loading class org/springframework/http/converter/HttpMessageConversionException
Event: 9.781 loading class org/springframework/http/converter/HttpMessageConversionException done


Dynamic libraries:
0x00007ff6356d0000 - 0x00007ff6356df000 	C:\Program Files\Java\jdk-11.0.11\bin\javaw.exe
0x00007ffbb58b0000 - 0x00007ffbb5aa8000 	C:\Windows\SYSTEM32\ntdll.dll
0x00007ffbb5720000 - 0x00007ffbb57dd000 	C:\Windows\System32\KERNEL32.DLL
0x00007ffbb3560000 - 0x00007ffbb3856000 	C:\Windows\System32\KERNELBASE.dll
0x00007ffbb3340000 - 0x00007ffbb3440000 	C:\Windows\System32\ucrtbase.dll
0x00007ffb8f210000 - 0x00007ffb8f228000 	C:\Program Files\Java\jdk-11.0.11\bin\jli.dll
0x00007ffbb4150000 - 0x00007ffbb41ff000 	C:\Windows\System32\ADVAPI32.dll
0x00007ffbb49b0000 - 0x00007ffbb4a4e000 	C:\Windows\System32\msvcrt.dll
0x00007ffbb4200000 - 0x00007ffbb429c000 	C:\Windows\System32\sechost.dll
0x00007ffbb4a50000 - 0x00007ffbb4b76000 	C:\Windows\System32\RPCRT4.dll
0x00007ffbb3e90000 - 0x00007ffbb402e000 	C:\Windows\System32\USER32.dll
0x00007ffbb3060000 - 0x00007ffbb3082000 	C:\Windows\System32\win32u.dll
0x00007ffbb4040000 - 0x00007ffbb406c000 	C:\Windows\System32\GDI32.dll
0x00007ffb9e950000 - 0x00007ffb9ebea000 	C:\Windows\WinSxS\amd64_microsoft.windows.common-controls_6595b64144ccf1df_6.0.19041.3636_none_60b6a03d71f818d5\COMCTL32.dll
0x00007ffbb3440000 - 0x00007ffbb355a000 	C:\Windows\System32\gdi32full.dll
0x00007ffbb2f90000 - 0x00007ffbb302d000 	C:\Windows\System32\msvcp_win.dll
0x00007ffbaac60000 - 0x00007ffbaac6a000 	C:\Windows\SYSTEM32\VERSION.dll
0x00007ffb8d8b0000 - 0x00007ffb8d8c5000 	C:\Program Files\Java\jdk-11.0.11\bin\VCRUNTIME140.dll
0x00007ffbb4980000 - 0x00007ffbb49b0000 	C:\Windows\System32\IMM32.DLL
0x00007ffb83a90000 - 0x00007ffb83b2b000 	C:\Program Files\Java\jdk-11.0.11\bin\msvcp140.dll
0x00007ffb61e50000 - 0x00007ffb6294e000 	C:\Program Files\Java\jdk-11.0.11\bin\server\jvm.dll
0x00007ffbb4030000 - 0x00007ffbb4038000 	C:\Windows\System32\PSAPI.DLL
0x00007ffb9e0d0000 - 0x00007ffb9e0d9000 	C:\Windows\SYSTEM32\WSOCK32.dll
0x00007ffba5d00000 - 0x00007ffba5d27000 	C:\Windows\SYSTEM32\WINMM.dll
0x00007ffbb4d20000 - 0x00007ffbb4d8b000 	C:\Windows\System32\WS2_32.dll
0x00007ffbb17f0000 - 0x00007ffbb1802000 	C:\Windows\SYSTEM32\kernel.appcore.dll
0x00007ffbaac70000 - 0x00007ffbaac80000 	C:\Program Files\Java\jdk-11.0.11\bin\verify.dll
0x00007ffbb15f0000 - 0x00007ffbb17d4000 	C:\Windows\SYSTEM32\DBGHELP.DLL
0x00007ffb9e4c0000 - 0x00007ffb9e4f4000 	C:\Windows\SYSTEM32\dbgcore.DLL
0x00007ffbb32b0000 - 0x00007ffbb3332000 	C:\Windows\System32\bcryptPrimitives.dll
0x00007ffb8b7f0000 - 0x00007ffb8b818000 	C:\Program Files\Java\jdk-11.0.11\bin\java.dll
0x00007ffba9e10000 - 0x00007ffba9e1a000 	C:\Program Files\Java\jdk-11.0.11\bin\jimage.dll
0x00007ffb89850000 - 0x00007ffb89888000 	C:\Program Files\Java\jdk-11.0.11\bin\jdwp.dll
0x00007ffb8f540000 - 0x00007ffb8f54e000 	C:\Program Files\Java\jdk-11.0.11\bin\instrument.dll
0x00007ffb8d810000 - 0x00007ffb8d826000 	C:\Program Files\Java\jdk-11.0.11\bin\zip.dll
0x00007ffbb4fd0000 - 0x00007ffbb5714000 	C:\Windows\System32\SHELL32.dll
0x00007ffbb0d30000 - 0x00007ffbb14cb000 	C:\Windows\SYSTEM32\windows.storage.dll
0x00007ffbb3a50000 - 0x00007ffbb3da4000 	C:\Windows\System32\combase.dll
0x00007ffbb2960000 - 0x00007ffbb298d000 	C:\Windows\SYSTEM32\Wldp.dll
0x00007ffbb4ec0000 - 0x00007ffbb4f6d000 	C:\Windows\System32\SHCORE.dll
0x00007ffbb3970000 - 0x00007ffbb39c5000 	C:\Windows\System32\shlwapi.dll
0x00007ffbb2ec0000 - 0x00007ffbb2ee5000 	C:\Windows\SYSTEM32\profapi.dll
0x00007ffb8f190000 - 0x00007ffb8f19a000 	C:\Program Files\Java\jdk-11.0.11\bin\dt_socket.dll
0x00007ffbb2670000 - 0x00007ffbb26da000 	C:\Windows\System32\mswsock.dll
0x00007ffbb23c0000 - 0x00007ffbb248a000 	C:\Windows\SYSTEM32\DNSAPI.dll
0x00007ffbb2380000 - 0x00007ffbb23bb000 	C:\Windows\SYSTEM32\IPHLPAPI.DLL
0x00007ffbb4970000 - 0x00007ffbb4978000 	C:\Windows\System32\NSI.dll
0x00007ffbaa2d0000 - 0x00007ffbaa350000 	C:\Windows\System32\fwpuclnt.dll
0x00007ffbb3030000 - 0x00007ffbb3057000 	C:\Windows\System32\bcrypt.dll
0x00007ffba95b0000 - 0x00007ffba95ba000 	C:\Windows\System32\rasadhlp.dll
0x00007ffb8b7d0000 - 0x00007ffb8b7e9000 	C:\Program Files\Java\jdk-11.0.11\bin\net.dll
0x00007ffba9490000 - 0x00007ffba959a000 	C:\Windows\SYSTEM32\WINHTTP.dll
0x00007ffb8b560000 - 0x00007ffb8b572000 	C:\Program Files\Java\jdk-11.0.11\bin\nio.dll
0x00007ffb8ac10000 - 0x00007ffb8ac35000 	C:\Program Files\Java\jdk-11.0.11\bin\sunec.dll
0x00007ffb8f0d0000 - 0x00007ffb8f0d9000 	C:\Program Files\Java\jdk-11.0.11\bin\management.dll
0x00007ffb8d9c0000 - 0x00007ffb8d9cb000 	C:\Program Files\Java\jdk-11.0.11\bin\management_ext.dll
0x00007ffb90bb0000 - 0x00007ffb90bc7000 	C:\Windows\system32\napinsp.dll
0x00007ffb90b90000 - 0x00007ffb90bab000 	C:\Windows\system32\pnrpnsp.dll
0x00007ffb90b70000 - 0x00007ffb90b85000 	C:\Windows\system32\wshbth.dll
0x00007ffbae810000 - 0x00007ffbae82d000 	C:\Windows\system32\NLAapi.dll
0x00007ffb90fc0000 - 0x00007ffb90fd2000 	C:\Windows\System32\winrnr.dll

dbghelp: loaded successfully - version: 4.0.5 - missing functions: none
symbol engine: initialized successfully - sym options: 0x614 - pdb path: .;C:\Program Files\Java\jdk-11.0.11\bin;C:\Windows\SYSTEM32;C:\Windows\WinSxS\amd64_microsoft.windows.common-controls_6595b64144ccf1df_6.0.19041.3636_none_60b6a03d71f818d5;C:\Program Files\Java\jdk-11.0.11\bin\server

VM Arguments:
jvm_args: -agentlib:jdwp=transport=dt_socket,suspend=y,address=localhost:53383 -javaagent:D:\Users\lucia\jee-2023-09\eclipse\configuration\org.eclipse.osgi\435\0\.cp\lib\javaagent-shaded.jar -Dfile.encoding=UTF-8 -Dstdout.encoding=UTF-8 -Dstderr.encoding=UTF-8 
java_command: com.SoundBox.SoundBoxApplication
java_class_path (initial): C:\Users\lucia\projetos\Projeto Mobile Final\SoundBoxBack\target\classes;C:\Users\lucia\.m2\repository\org\springframework\boot\spring-boot-starter-data-jpa\2.7.17\spring-boot-starter-data-jpa-2.7.17.jar;C:\Users\lucia\.m2\repository\org\springframework\boot\spring-boot-starter-aop\2.7.17\spring-boot-starter-aop-2.7.17.jar;C:\Users\lucia\.m2\repository\org\aspectj\aspectjweaver\1.9.7\aspectjweaver-1.9.7.jar;C:\Users\lucia\.m2\repository\org\springframework\boot\spring-boot-starter-jdbc\2.7.17\spring-boot-starter-jdbc-2.7.17.jar;C:\Users\lucia\.m2\repository\com\zaxxer\HikariCP\4.0.3\HikariCP-4.0.3.jar;C:\Users\lucia\.m2\repository\org\springframework\spring-jdbc\5.3.30\spring-jdbc-5.3.30.jar;C:\Users\lucia\.m2\repository\jakarta\transaction\jakarta.transaction-api\1.3.3\jakarta.transaction-api-1.3.3.jar;C:\Users\lucia\.m2\repository\jakarta\persistence\jakarta.persistence-api\2.2.3\jakarta.persistence-api-2.2.3.jar;C:\Users\lucia\.m2\repository\org\hibernate\hibernate-core\5.6.15.Final\hibernate-core-5.6.15.Final.jar;C:\Users\lucia\.m2\repository\org\jboss\logging\jboss-logging\3.4.3.Final\jboss-logging-3.4.3.Final.jar;C:\Users\lucia\.m2\repository\net\bytebuddy\byte-buddy\1.12.23\byte-buddy-1.12.23.jar;C:\Users\lucia\.m2\repository\antlr\antlr\2.7.7\antlr-2.7.7.jar;C:\Users\lucia\.m2\repository\org\jboss\jandex\2.4.2.Final\jandex-2.4.2.Final.jar;C:\Users\lucia\.m2\repository\org\hibernate\common\hibernate-commons-annotations\5.1.2.Final\hibernate-commons-annotations-5.1.2.Final.jar;C:\Users\lucia\.m2\repository\org\glassfish\jaxb\jaxb-runtime\2.3.8\jaxb-runtime-2.3.8.jar;C:\Users\lucia\.m2\repository\org\glassfish\jaxb\txw2\2.3.8\txw2-2.3.8.jar;C:\Users\lucia\.m2\repository\com\sun\istack\istack-commons-runtime\3.0.12\istack-commons-runtime-3.0.12.jar;C:\Users\lucia\.m2\repository\org\springframework\data\spring-data-jpa\2.7.17\spring-data-jpa-2.7.17.jar;C:\Users\lucia\.m2\repository\org\springframework\data\spring-data-commons\2.7.17\s
Launcher Type: SUN_STANDARD

[Global flags]
     intx CICompilerCount                          = 4                                         {product} {ergonomic}
     uint ConcGCThreads                            = 2                                         {product} {ergonomic}
     uint G1ConcRefinementThreads                  = 8                                         {product} {ergonomic}
   size_t G1HeapRegionSize                         = 1048576                                   {product} {ergonomic}
    uintx GCDrainStackTargetSize                   = 64                                        {product} {ergonomic}
   size_t InitialHeapSize                          = 167772160                                 {product} {ergonomic}
   size_t MarkStackSize                            = 4194304                                   {product} {ergonomic}
   size_t MaxHeapSize                              = 2669674496                                {product} {ergonomic}
   size_t MaxNewSize                               = 1601175552                                {product} {ergonomic}
   size_t MinHeapDeltaBytes                        = 1048576                                   {product} {ergonomic}
    uintx NonNMethodCodeHeapSize                   = 5836300                                {pd product} {ergonomic}
    uintx NonProfiledCodeHeapSize                  = 122910970                              {pd product} {ergonomic}
    uintx ProfiledCodeHeapSize                     = 122910970                              {pd product} {ergonomic}
    uintx ReservedCodeCacheSize                    = 251658240                              {pd product} {ergonomic}
     bool SegmentedCodeCache                       = true                                      {product} {ergonomic}
     bool UseCompressedClassPointers               = true                                 {lp64_product} {ergonomic}
     bool UseCompressedOops                        = true                                 {lp64_product} {ergonomic}
     bool UseG1GC                                  = true                                      {product} {ergonomic}
     bool UseLargePagesIndividualAllocation        = false                                  {pd product} {ergonomic}

Logging:
Log output configuration:
 #0: stdout all=warning uptime,level,tags
 #1: stderr all=off uptime,level,tags

Environment Variables:
JAVA_HOME=C:\Program Files\Java\jdk-18.0.2.1
PATH=C:/Program Files/Java/jdk-18.0.2.1/bin/server;C:/Program Files/Java/jdk-18.0.2.1/bin;C:\Program Files\Java\jdk-18.0.2.1\bin;C:\Windows\system32;C:\Windows;C:\Windows\System32\Wbem;C:\Windows\System32\WindowsPowerShell\v1.0\;C:\Windows\System32\OpenSSH\;C:\Program Files\Maven\apache-maven-3.6.3\bin;C:\Gradle\gradle-6.8.3\bin;C:\Program Files\erl10.3\bin;C:\Users\lucia\.mix\escripts;C:\Program Files\Microsoft SQL Server\130\Tools\Binn\;C:\ProgramData\chocolatey\bin;C:\Program Files (x86)\PuTTY\;C:\Program Files\Microsoft SQL Server\150\Tools\Binn\;C:\Program Files\dotnet\;C:\Program Files\Microsoft SQL Server\Client SDK\ODBC\170\Tools\Binn\;C:\Program Files\Git\cmd;C:\Program Files\nodejs\;C:\Program Files (x86)\Microsoft SQL Server\150\Tools\Binn\;C:\Program Files\Microsoft SQL Server\150\DTS\Binn\;C:\Program Files\Azure Data Studio\bin;C:\Program Files\Docker\Docker\resources\bin;C:\Program Files\Common Files\Oracle\Java\javapath;C:\Program Files(x86)\Common Files\Oracle\Java\javapath;C:\Users\lucia\AppData\Local\Programs\Python\Python310\Scripts\;C:\Users\lucia\AppData\Local\Programs\Python\Python310\;C:\Users\lucia\AppData\Local\Microsoft\WindowsApps;;C:\Program Files\heroku\bin;C:\Program Files\JetBrains\PyCharm Community Edition 2021.2.3\bin;;D:\Users\lucia\AppData\Local\Programs\Microsoft VS Code\bin;D:\Program Files\JetBrains\IntelliJ IDEA Community Edition 2021.3\IntelliJ IDEA Community Edition 2021.2\bin;;C:\Users\lucia\.dotnet\tools;C:\Users\lucia\AppData\Roaming\npm;C:\Program Files\Azure Data Studio\bin;C:\Users\lucia\AppData\Local\Programs\Azure Data Studio\bin;C:\Users\lucia\Desktop;
USERNAME=lucia
OS=Windows_NT
PROCESSOR_IDENTIFIER=AMD64 Family 23 Model 24 Stepping 1, AuthenticAMD



---------------  S Y S T E M  ---------------

OS: Windows 10 , 64 bit Build 19041 (10.0.19041.3636)
Hyper-V role detected

CPU:total 8 (initial active 8) (8 cores per cpu, 2 threads per core) family 23 model 24 stepping 1 microcode 0x0, cmov, cx8, fxsr, mmx, sse, sse2, sse3, ssse3, sse4.1, sse4.2, popcnt, avx, avx2, aes, clmul, mmxext, 3dnowpref, lzcnt, sse4a, ht, tsc, tscinvbit, tscinv, bmi1, bmi2, adx, s

Memory: 4k page, system-wide physical 10177M (1353M free)
TotalPageFile size 40897M (AvailPageFile size 0M)
current process WorkingSet (physical memory assigned to process): 165M, peak: 165M
current process commit charge ("private bytes"): 315M, peak: 315M

vm_info: Java HotSpot(TM) 64-Bit Server VM (11.0.11+9-LTS-194) for windows-amd64 JRE (11.0.11+9-LTS-194), built on Mar 18 2021 18:46:53 by "mach5one" with MS VC++ 15.9 (VS2017)

END.
